#
# There is insufficient memory for the Java Runtime Environment to continue.
# Native memory allocation (malloc) failed to allocate 1048576 bytes. Error detail: AllocateHeap
# Possible reasons:
#   The system is out of physical RAM or swap space
#   This process is running with CompressedOops enabled, and the Java Heap may be blocking the growth of the native heap
# Possible solutions:
#   Reduce memory load on the system
#   Increase physical memory or swap space
#   Check if swap backing store is full
#   Decrease Java heap size (-Xmx/-Xms)
#   Decrease number of Java threads
#   Decrease Java thread stack sizes (-Xss)
#   Set larger code cache with -XX:ReservedCodeCacheSize=
#   JVM is running with Unscaled Compressed Oops mode in which the Java heap is
#     placed in the first 4GB address space. The Java Heap base address is the
#     maximum limit for the native heap growth. Please use -XX:HeapBaseMinAddress
#     to set the Java Heap base and to place the Java Heap above 4GB virtual address.
# This output file may be truncated or incomplete.
#
#  Out of Memory Error (allocation.cpp:44), pid=24112, tid=25112
#
# JRE version:  (21.0.10+7) (build )
# Java VM: OpenJDK 64-Bit Server VM (21.0.10+7-LTS, mixed mode, sharing, tiered, compressed oops, compressed class ptrs, g1 gc, windows-amd64)
# No core dump will be written. Minidumps are not enabled by default on client versions of Windows
#

---------------  S U M M A R Y ------------

Command Line: -Dfile.encoding=UTF-8 -Dstdout.encoding=UTF-8 -Dstderr.encoding=UTF-8 -XX:+ShowCodeDetailsInExceptionMessages com.the703.basic006_ex.ForIn001

Host: Intel(R) Core(TM) i5-6400 CPU @ 2.70GHz, 4 cores, 15G,  Windows 10 , 64 bit Build 18362 (10.0.18362.329)
Time: Mon Apr  6 18:18:33 2026 渠и團措 ル遽衛 elapsed time: 0.022509 seconds (0d 0h 0m 0s)

---------------  T H R E A D  ---------------

Current thread (0x000002cfc057ed00):  JavaThread "Unknown thread" [_thread_in_vm, id=25112, stack(0x000000e374900000,0x000000e374a00000) (1024K)]

Stack: [0x000000e374900000,0x000000e374a00000]
Native frames: (J=compiled Java code, j=interpreted, Vv=VM code, C=native code)
V  [jvm.dll+0x6d7a39]
V  [jvm.dll+0x8b4b26]
V  [jvm.dll+0x8b70de]
V  [jvm.dll+0x8b77c3]
V  [jvm.dll+0x284346]
V  [jvm.dll+0xc1277]
V  [jvm.dll+0x330b55]
V  [jvm.dll+0x87ea9f]
V  [jvm.dll+0x3c4a81]
V  [jvm.dll+0x867d25]
V  [jvm.dll+0x457b31]
V  [jvm.dll+0x459721]
C  [jli.dll+0x52d0]
C  [ucrtbase.dll+0x20e72]
C  [KERNEL32.DLL+0x17bd4]
C  [ntdll.dll+0x6ced1]


---------------  P R O C E S S  ---------------

Threads class SMR info:
_java_thread_list=0x00007ffe63bca1c8, length=0, elements={
}

Java Threads: ( => current thread )
Total: 0

Other Threads:

=>0x000002cfc057ed00 (exited) JavaThread "Unknown thread"    [_thread_in_vm, id=25112, stack(0x000000e374900000,0x000000e374a00000) (1024K)]
Total: 1

Threads with active compile tasks:
Total: 0

VM state: not at safepoint (not fully initialized)

VM Mutex/Monitor currently owned by a thread: None

Heap address: 0x0000000000000000, size: 0 MB, Compressed Oops mode: 32-bit

CDS archive(s) mapped at: [0x0000000000000000-0x0000000000000000-0x0000000000000000), size 0, SharedBaseAddress: 0x0000000800000000, ArchiveRelocationMode: 1.
Narrow klass base: 0x0000000000000000, Narrow klass shift: 0, Narrow klass range: 0x0

GC Precious Log:
 CardTable entry size: 512
 Card Set container configuration: InlinePtr #cards 4 size 8 Array Of Cards #cards 16 size 48 Howl #buckets 8 coarsen threshold 3686 Howl Bitmap #cards 512 size 80 coarsen threshold 460 Card regions per heap region 1 cards per card region 4096

GC Heap History (0 events):
No events

Dll operation events (1 events):
Event: 0.010 Loaded shared library C:\Users\TJ-BU-703-018PC\.p2\pool\plugins\org.eclipse.justj.openjdk.hotspot.jre.full.win32.x86_64_21.0.10.v20260205-0638\jre\bin\java.dll

Deoptimization events (0 events):
No events

Classes loaded (0 events):
No events

Classes unloaded (0 events):
No events

Classes redefined (0 events):
No events

Internal exceptions (0 events):
No events

ZGC Phase Switch (0 events):
No events

VM Operations (0 events):
No events

Memory protections (0 events):
No events

Nmethod flushes (0 events):
No events

Events (0 events):
No events


Dynamic libraries:
0x00007ff656c60000 - 0x00007ff656c6e000 	C:\Users\TJ-BU-703-018PC\.p2\pool\plugins\org.eclipse.justj.openjdk.hotspot.jre.full.win32.x86_64_21.0.10.v20260205-0638\jre\bin\javaw.exe
0x00007ffeb56e0000 - 0x00007ffeb58d0000 	C:\Windows\SYSTEM32\ntdll.dll
0x00007ffeb3c00000 - 0x00007ffeb3cb2000 	C:\Windows\System32\KERNEL32.DLL
0x00007ffeb31e0000 - 0x00007ffeb3483000 	C:\Windows\System32\KERNELBASE.dll
0x00007ffeb30b0000 - 0x00007ffeb31aa000 	C:\Windows\System32\ucrtbase.dll
0x00007ffea07d0000 - 0x00007ffea07e8000 	C:\Users\TJ-BU-703-018PC\.p2\pool\plugins\org.eclipse.justj.openjdk.hotspot.jre.full.win32.x86_64_21.0.10.v20260205-0638\jre\bin\jli.dll
0x00007ffeb5280000 - 0x00007ffeb5414000 	C:\Windows\System32\USER32.dll
0x00007ffeb31b0000 - 0x00007ffeb31d1000 	C:\Windows\System32\win32u.dll
0x00007ffeb40f0000 - 0x00007ffeb4116000 	C:\Windows\System32\GDI32.dll
0x00007ffeb3520000 - 0x00007ffeb36b4000 	C:\Windows\System32\gdi32full.dll
0x00007ffeb2e70000 - 0x00007ffeb2f0e000 	C:\Windows\System32\msvcp_win.dll
0x00007ffea07b0000 - 0x00007ffea07ce000 	C:\Users\TJ-BU-703-018PC\.p2\pool\plugins\org.eclipse.justj.openjdk.hotspot.jre.full.win32.x86_64_21.0.10.v20260205-0638\jre\bin\VCRUNTIME140.dll
0x00007ffe9d850000 - 0x00007ffe9dad5000 	C:\Windows\WinSxS\amd64_microsoft.windows.common-controls_6595b64144ccf1df_6.0.18362.592_none_e6c0b1911312be02\COMCTL32.dll
0x00007ffeb43c0000 - 0x00007ffeb445e000 	C:\Windows\System32\msvcrt.dll
0x00007ffeb3d20000 - 0x00007ffeb4056000 	C:\Windows\System32\combase.dll
0x00007ffeb4ee0000 - 0x00007ffeb5000000 	C:\Windows\System32\RPCRT4.dll
0x00007ffeb2df0000 - 0x00007ffeb2e70000 	C:\Windows\System32\bcryptPrimitives.dll
0x00007ffeb4620000 - 0x00007ffeb464e000 	C:\Windows\System32\IMM32.DLL
0x00007ffea6bd0000 - 0x00007ffea6bdc000 	C:\Users\TJ-BU-703-018PC\.p2\pool\plugins\org.eclipse.justj.openjdk.hotspot.jre.full.win32.x86_64_21.0.10.v20260205-0638\jre\bin\vcruntime140_1.dll
0x00007ffe92930000 - 0x00007ffe929bd000 	C:\Users\TJ-BU-703-018PC\.p2\pool\plugins\org.eclipse.justj.openjdk.hotspot.jre.full.win32.x86_64_21.0.10.v20260205-0638\jre\bin\msvcp140.dll
0x00007ffe62f80000 - 0x00007ffe63d21000 	C:\Users\TJ-BU-703-018PC\.p2\pool\plugins\org.eclipse.justj.openjdk.hotspot.jre.full.win32.x86_64_21.0.10.v20260205-0638\jre\bin\server\jvm.dll
0x00007ffeb5080000 - 0x00007ffeb5123000 	C:\Windows\System32\ADVAPI32.dll
0x00007ffeb44c0000 - 0x00007ffeb4557000 	C:\Windows\System32\sechost.dll
0x00007ffeb2600000 - 0x00007ffeb264a000 	C:\Windows\System32\POWRPROF.dll
0x00007ffeb25b0000 - 0x00007ffeb25c0000 	C:\Windows\System32\UMPDC.dll
0x00007ffeb4780000 - 0x00007ffeb47ef000 	C:\Windows\System32\WS2_32.dll
0x00007ffeb0530000 - 0x00007ffeb0554000 	C:\Windows\SYSTEM32\WINMM.dll
0x00007ffeacfe0000 - 0x00007ffeacfea000 	C:\Windows\SYSTEM32\VERSION.dll
0x00007ffeb0500000 - 0x00007ffeb052d000 	C:\Windows\SYSTEM32\WINMMBASE.dll
0x00007ffeb3060000 - 0x00007ffeb30aa000 	C:\Windows\System32\cfgmgr32.dll
0x00007ffeb25e0000 - 0x00007ffeb25f1000 	C:\Windows\System32\kernel.appcore.dll
0x00007ffeae3e0000 - 0x00007ffeae3ea000 	C:\Users\TJ-BU-703-018PC\.p2\pool\plugins\org.eclipse.justj.openjdk.hotspot.jre.full.win32.x86_64_21.0.10.v20260205-0638\jre\bin\jimage.dll
0x00007ffea70d0000 - 0x00007ffea72c4000 	C:\Windows\SYSTEM32\DBGHELP.DLL
0x00007ffe9af90000 - 0x00007ffe9afba000 	C:\Windows\SYSTEM32\dbgcore.DLL
0x00007ffea8b60000 - 0x00007ffea8b80000 	C:\Users\TJ-BU-703-018PC\.p2\pool\plugins\org.eclipse.justj.openjdk.hotspot.jre.full.win32.x86_64_21.0.10.v20260205-0638\jre\bin\java.dll

JVMTI agents: none

dbghelp: loaded successfully - version: 4.0.5 - missing functions: none
symbol engine: initialized successfully - sym options: 0x614 - pdb path: .;C:\Users\TJ-BU-703-018PC\.p2\pool\plugins\org.eclipse.justj.openjdk.hotspot.jre.full.win32.x86_64_21.0.10.v20260205-0638\jre\bin;C:\Windows\SYSTEM32;C:\Windows\WinSxS\amd64_microsoft.windows.common-controls_6595b64144ccf1df_6.0.18362.592_none_e6c0b1911312be02;C:\Users\TJ-BU-703-018PC\.p2\pool\plugins\org.eclipse.justj.openjdk.hotspot.jre.full.win32.x86_64_21.0.10.v20260205-0638\jre\bin\server

VM Arguments:
jvm_args: -Dfile.encoding=UTF-8 -Dstdout.encoding=UTF-8 -Dstderr.encoding=UTF-8 -XX:+ShowCodeDetailsInExceptionMessages 
java_command: com.the703.basic006_ex.ForIn001
java_class_path (initial): D:\kimbora\2026-AI-FULLSTACK\track003_java\bin
Launcher Type: SUN_STANDARD

[Global flags]
     intx CICompilerCount                          = 3                                         {product} {ergonomic}
     uint ConcGCThreads                            = 1                                         {product} {ergonomic}
     uint G1ConcRefinementThreads                  = 4                                         {product} {ergonomic}
   size_t G1HeapRegionSize                         = 2097152                                   {product} {ergonomic}
    uintx GCDrainStackTargetSize                   = 64                                        {product} {ergonomic}
   size_t InitialHeapSize                          = 268435456                                 {product} {ergonomic}
   size_t MarkStackSize                            = 4194304                                   {product} {ergonomic}
   size_t MaxHeapSize                              = 4284481536                                {product} {ergonomic}
   size_t MinHeapDeltaBytes                        = 2097152                                   {product} {ergonomic}
   size_t MinHeapSize                              = 8388608                                   {product} {ergonomic}
    uintx NonNMethodCodeHeapSize                   = 5832780                                {pd product} {ergonomic}
    uintx NonProfiledCodeHeapSize                  = 122912730                              {pd product} {ergonomic}
    uintx ProfiledCodeHeapSize                     = 122912730                              {pd product} {ergonomic}
    uintx ReservedCodeCacheSize                    = 251658240                              {pd product} {ergonomic}
     bool SegmentedCodeCache                       = true                                      {product} {ergonomic}
     bool ShowCodeDetailsInExceptionMessages       = true                                   {manageable} {command line}
   size_t SoftMaxHeapSize                          = 4284481536                             {manageable} {ergonomic}
     bool UseCompressedOops                        = true                           {product lp64_product} {ergonomic}
     bool UseG1GC                                  = true                                      {product} {ergonomic}
     bool UseLargePagesIndividualAllocation        = false                                  {pd product} {ergonomic}

Logging:
Log output configuration:
 #0: stdout all=warning uptime,level,tags foldmultilines=false
 #1: stderr all=off uptime,level,tags foldmultilines=false

Release file:
<release file has not been read>
Environment Variables:
JAVA_HOME=C:\Program Files\Java\jdk-11.0.30
PATH=C:/Users/TJ-BU-703-018PC/.p2/pool/plugins/org.eclipse.justj.openjdk.hotspot.jre.full.win32.x86_64_21.0.10.v20260205-0638/jre/bin/server;C:/Users/TJ-BU-703-018PC/.p2/pool/plugins/org.eclipse.justj.openjdk.hotspot.jre.full.win32.x86_64_21.0.10.v20260205-0638/jre/bin;%JAVA_HOME%\bin;C:\Program Files\Common Files\Oracle\Java\javapath;C:\Windows\system32;C:\Windows;C:\Windows\System32\Wbem;C:\Windows\System32\WindowsPowerShell\v1.0\;C:\Windows\System32\OpenSSH\;C:\Program Files (x86)\Windows Kits\10\Windows Performance Toolkit\;C:\Program Files\dotnet\;C:\Program Files\Git\cmd;C:\Users\TJ-BU-703-018PC\AppData\Local\Microsoft\WindowsApps;C:\Users\TJ-BU-703-018PC\AppData\Local\Programs\Microsoft VS Code\bin;C:\Users\TJ-BU-703-018PC\Desktop;
USERNAME=TJ-BU-703-018PC
OS=Windows_NT
PROCESSOR_IDENTIFIER=Intel64 Family 6 Model 94 Stepping 3, GenuineIntel
TMP=C:\Users\TJ-BU-~1\AppData\Local\Temp
TEMP=C:\Users\TJ-BU-~1\AppData\Local\Temp




Periodic native trim disabled

---------------  S Y S T E M  ---------------

OS:
 Windows 10 , 64 bit Build 18362 (10.0.18362.329)
OS uptime: 31 days 2:35 hours

CPU: total 4 (initial active 4) (4 cores per cpu, 1 threads per core) family 6 model 94 stepping 3 microcode 0xc6, cx8, cmov, fxsr, mmx, 3dnowpref, sse, sse2, sse3, ssse3, sse4.1, sse4.2, popcnt, lzcnt, tsc, tscinvbit, avx, avx2, aes, erms, clmul, bmi1, bmi2, adx, fma, vzeroupper, clflush, clflushopt, rdtscp, f16c
Processor Information for the first 4 processors :
  Max Mhz: 2701, Current Mhz: 2701, Mhz Limit: 2701

Memory: 4k page, system-wide physical 16339M (9562M free)
TotalPageFile size 44883M (AvailPageFile size 5M)
current process WorkingSet (physical memory assigned to process): 10M, peak: 10M
current process commit charge ("private bytes"): 12M, peak: 13M

vm_info: OpenJDK 64-Bit Server VM (21.0.10+7-LTS) for windows-amd64 JRE (21.0.10+7-LTS), built on 2026-01-20T00:00:00Z by "admin" with MS VC++ 17.12 (VS2022)

END.
